<?xml version="1.0" encoding="UTF-8"?>
<!-- Generated by org.testng.reporters.JUnitXMLReporter -->
<testsuite ignored="7" hostname="DESKTOP-392CL3Q" failures="0" tests="3" name="Regression" time="0.08" errors="0" timestamp="2022-05-28T14:33:21 TRT">
  <testcase classname="tests.SecondTest" name="Second" time="0.01"/>
  <testcase classname="tests.FourthTest" name="MobileLoginLoan" time="0.002"/>
  <testcase classname="tests.ThirdTest" name="MobileLogin" time="0.001"/>
  <testcase classname="tests.FirstTest" name="Demo" time="0.0">
    <ignored/>
  </testcase> <!-- Demo -->
  <testcase classname="tests.ThirdTest" name="APISignout" time="0.0">
    <ignored/>
  </testcase> <!-- APISignout -->
  <testcase classname="tests.FirstTest" name="SecondTest" time="0.0">
    <ignored/>
  </testcase> <!-- SecondTest -->
  <testcase classname="tests.FourthTest" name="WebLoginLoan" time="0.0">
    <ignored/>
  </testcase> <!-- WebLoginLoan -->
  <testcase classname="tests.ThirdTest" name="MobileSignout" time="0.0">
    <ignored/>
  </testcase> <!-- MobileSignout -->
  <testcase classname="tests.ThirdTest" name="MobileSignin" time="0.0">
    <ignored/>
  </testcase> <!-- MobileSignin -->
  <testcase classname="tests.FourthTest" name="APILoginLoan" time="0.0">
    <ignored/>
  </testcase> <!-- APILoginLoan -->
</testsuite> <!-- Regression -->
