<?xml version="1.0" encoding="UTF-8"?>
<!-- Generated by org.testng.reporters.JUnitXMLReporter -->
<testsuite ignored="0" hostname="DESKTOP-392CL3Q" failures="0" tests="13" name="Test" time="0.101" errors="0" timestamp="2022-05-28T14:31:54 TRT">
  <testcase classname="javastreams.AutomateSort" name="StreamCollect" time="0.009"/>
  <testcase classname="javastreams.AutomateSort" name="streamFilter" time="0.006"/>
  <testcase classname="javastreams.AutomateSort" name="streamMap" time="0.007"/>
  <testcase classname="tests.FirstTest" name="Demo" time="0.003"/>
  <testcase classname="tests.FirstTest" name="SecondTest" time="0.001"/>
  <testcase classname="tests.SecondTest" name="Second" time="0.002"/>
  <testcase classname="tests.FourthTest" name="APILoginLoan" time="0.001"/>
  <testcase classname="tests.FourthTest" name="MobileLoginLoan" time="0.002"/>
  <testcase classname="tests.FourthTest" name="WebLoginLoan" time="0.001"/>
  <testcase classname="tests.ThirdTest" name="APISignout" time="0.001"/>
  <testcase classname="tests.ThirdTest" name="MobileLogin" time="0.001"/>
  <testcase classname="tests.ThirdTest" name="MobileSignin" time="0.002"/>
  <testcase classname="tests.ThirdTest" name="MobileSignout" time="0.001"/>
</testsuite> <!-- Test -->
