<?xml version="1.0" encoding="UTF-8"?>
<!-- Generated by org.testng.reporters.JUnitXMLReporter -->
<testsuite ignored="1" hostname="DESKTOP-392CL3Q" failures="0" tests="11" name="Test" time="0.186" errors="0" timestamp="2022-05-30T17:44:48 TRT">
  <testcase classname="tests.FirstTest" name="Demo" time="0.01"/>
  <testcase classname="tests.FirstTest" name="SecondTest" time="0.002"/>
  <testcase classname="tests.SecondTest" name="Second" time="0.001"/>
  <testcase classname="tests.FourthTest" name="APILoginLoan" time="0.012"/>
  <testcase classname="tests.FourthTest" name="MobileLoginLoan" time="0.004"/>
  <testcase classname="tests.FourthTest" name="WebLoginLoan" time="0.002"/>
  <testcase classname="tests.ThirdTest" name="MobileLogin" time="0.002"/>
  <testcase classname="tests.ThirdTest" name="MobileSignin" time="0.001"/>
  <testcase classname="tests.ThirdTest" name="MobileSignin" time="0.003"/>
  <testcase classname="tests.ThirdTest" name="MobileSignin" time="0.014"/>
  <testcase classname="tests.ThirdTest" name="APISignout" time="0.002"/>
  <testcase classname="tests.ThirdTest" name="MobileSignout" time="0.0">
    <ignored/>
  </testcase> <!-- MobileSignout -->
</testsuite> <!-- Test -->
