<?xml version="1.0" encoding="UTF-8"?>
<testng-results ignored="7" total="10" passed="3" failed="0" skipped="0">
  <reporter-output>
  </reporter-output>
  <suite started-at="2022-05-28T14:33:21 TRT" name="Suite" finished-at="2022-05-28T14:33:21 TRT" duration-ms="80">
    <groups>
      <group name="Smoke">
        <method signature="FourthTest.MobileLoginLoan()[pri:0, instance:tests.FourthTest@1e0b4072]" name="MobileLoginLoan" class="tests.FourthTest"/>
        <method signature="SecondTest.Second()[pri:0, instance:tests.SecondTest@4686afc2]" name="Second" class="tests.SecondTest"/>
        <method signature="ThirdTest.MobileLogin()[pri:0, instance:tests.ThirdTest@4b45a2f5]" name="MobileLogin" class="tests.ThirdTest"/>
      </group> <!-- Smoke -->
    </groups>
    <test started-at="2022-05-28T14:33:21 TRT" name="Regression" finished-at="2022-05-28T14:33:21 TRT" duration-ms="80">
      <class name="tests.SecondTest">
        <test-method signature="Second()[pri:0, instance:tests.SecondTest@4686afc2]" started-at="2022-05-28T14:33:21 TRT" name="Second" finished-at="2022-05-28T14:33:21 TRT" duration-ms="10" status="PASS">
          <reporter-output>
          </reporter-output>
        </test-method> <!-- Second -->
      </class> <!-- tests.SecondTest -->
      <class name="tests.ThirdTest">
        <test-method signature="MobileLogin()[pri:0, instance:tests.ThirdTest@4b45a2f5]" started-at="2022-05-28T14:33:21 TRT" name="MobileLogin" finished-at="2022-05-28T14:33:21 TRT" duration-ms="1" status="PASS">
          <reporter-output>
          </reporter-output>
        </test-method> <!-- MobileLogin -->
      </class> <!-- tests.ThirdTest -->
      <class name="tests.FourthTest">
        <test-method signature="MobileLoginLoan()[pri:0, instance:tests.FourthTest@1e0b4072]" started-at="2022-05-28T14:33:21 TRT" name="MobileLoginLoan" finished-at="2022-05-28T14:33:21 TRT" duration-ms="2" status="PASS">
          <reporter-output>
          </reporter-output>
        </test-method> <!-- MobileLoginLoan -->
      </class> <!-- tests.FourthTest -->
    </test> <!-- Regression -->
  </suite> <!-- Suite -->
</testng-results>
