<?xml version="1.0" encoding="UTF-8"?>
<testng-results ignored="1" total="12" passed="11" failed="0" skipped="0">
  <reporter-output>
  </reporter-output>
  <suite started-at="2022-05-30T17:44:47 TRT" name="Suite" finished-at="2022-05-30T17:44:47 TRT" duration-ms="186">
    <groups>
      <group name="Smoke">
        <method signature="ThirdTest.MobileLogin()[pri:0, instance:tests.ThirdTest@2cf3d63b]" name="MobileLogin" class="tests.ThirdTest"/>
        <method signature="FourthTest.MobileLoginLoan()[pri:0, instance:tests.FourthTest@6892b3b6]" name="MobileLoginLoan" class="tests.FourthTest"/>
        <method signature="SecondTest.Second()[pri:0, instance:tests.SecondTest@11392934]" name="Second" class="tests.SecondTest"/>
      </group> <!-- Smoke -->
    </groups>
    <test started-at="2022-05-30T17:44:47 TRT" name="Test" finished-at="2022-05-30T17:44:47 TRT" duration-ms="186">
      <class name="tests.FirstTest">
        <test-method signature="Demo()[pri:0, instance:tests.FirstTest@3527942a]" started-at="2022-05-30T17:44:47 TRT" name="Demo" finished-at="2022-05-30T17:44:47 TRT" duration-ms="10" status="PASS">
          <reporter-output>
          </reporter-output>
        </test-method> <!-- Demo -->
        <test-method signature="SecondTest()[pri:0, instance:tests.FirstTest@3527942a]" started-at="2022-05-30T17:44:47 TRT" name="SecondTest" finished-at="2022-05-30T17:44:47 TRT" duration-ms="2" status="PASS">
          <reporter-output>
          </reporter-output>
        </test-method> <!-- SecondTest -->
      </class> <!-- tests.FirstTest -->
      <class name="tests.SecondTest">
        <test-method is-config="true" signature="prerequrest()[pri:0, instance:tests.SecondTest@11392934]" started-at="2022-05-30T17:44:47 TRT" name="prerequrest" finished-at="2022-05-30T17:44:47 TRT" duration-ms="1" status="PASS">
          <reporter-output>
          </reporter-output>
        </test-method> <!-- prerequrest -->
        <test-method signature="Second()[pri:0, instance:tests.SecondTest@11392934]" started-at="2022-05-30T17:44:47 TRT" name="Second" finished-at="2022-05-30T17:44:47 TRT" duration-ms="1" status="PASS">
          <reporter-output>
          </reporter-output>
        </test-method> <!-- Second -->
        <test-method is-config="true" signature="aftertest()[pri:0, instance:tests.SecondTest@11392934]" started-at="2022-05-30T17:44:47 TRT" name="aftertest" finished-at="2022-05-30T17:44:47 TRT" duration-ms="1" status="PASS">
          <reporter-output>
          </reporter-output>
        </test-method> <!-- aftertest -->
      </class> <!-- tests.SecondTest -->
      <class name="tests.ThirdTest">
        <test-method is-config="true" signature="BfSuite()[pri:0, instance:tests.ThirdTest@2cf3d63b]" started-at="2022-05-30T17:44:47 TRT" name="BfSuite" finished-at="2022-05-30T17:44:47 TRT" duration-ms="20" status="PASS">
          <reporter-output>
          </reporter-output>
        </test-method> <!-- BfSuite -->
        <test-method is-config="true" signature="beforeclass()[pri:0, instance:tests.ThirdTest@2cf3d63b]" started-at="2022-05-30T17:44:47 TRT" name="beforeclass" finished-at="2022-05-30T17:44:47 TRT" duration-ms="0" status="PASS">
          <reporter-output>
          </reporter-output>
        </test-method> <!-- beforeclass -->
        <test-method is-config="true" signature="beforeevery()[pri:0, instance:tests.ThirdTest@2cf3d63b]" started-at="2022-05-30T17:44:47 TRT" name="beforeevery" finished-at="2022-05-30T17:44:47 TRT" duration-ms="0" status="PASS">
          <reporter-output>
          </reporter-output>
        </test-method> <!-- beforeevery -->
        <test-method signature="MobileLogin()[pri:0, instance:tests.ThirdTest@2cf3d63b]" started-at="2022-05-30T17:44:47 TRT" name="MobileLogin" finished-at="2022-05-30T17:44:47 TRT" duration-ms="2" status="PASS">
          <reporter-output>
          </reporter-output>
        </test-method> <!-- MobileLogin -->
        <test-method is-config="true" signature="afterevery()[pri:0, instance:tests.ThirdTest@2cf3d63b]" started-at="2022-05-30T17:44:47 TRT" name="afterevery" finished-at="2022-05-30T17:44:47 TRT" duration-ms="1" status="PASS">
          <reporter-output>
          </reporter-output>
        </test-method> <!-- afterevery -->
        <test-method is-config="true" signature="beforeevery()[pri:0, instance:tests.ThirdTest@2cf3d63b]" started-at="2022-05-30T17:44:47 TRT" name="beforeevery" finished-at="2022-05-30T17:44:47 TRT" duration-ms="1" status="PASS">
          <reporter-output>
          </reporter-output>
        </test-method> <!-- beforeevery -->
        <test-method signature="MobileSignin(java.lang.String,java.lang.String)[pri:0, instance:tests.ThirdTest@2cf3d63b]" started-at="2022-05-30T17:44:47 TRT" name="MobileSignin" data-provider="getData" finished-at="2022-05-30T17:44:47 TRT" duration-ms="1" status="PASS">
          <params>
            <param index="0">
              <value>
                <![CDATA[firstsetusername]]>
              </value>
            </param>
            <param index="1">
              <value>
                <![CDATA[password]]>
              </value>
            </param>
          </params>
          <reporter-output>
          </reporter-output>
        </test-method> <!-- MobileSignin -->
        <test-method is-config="true" signature="beforeevery()[pri:0, instance:tests.ThirdTest@2cf3d63b]" started-at="2022-05-30T17:44:47 TRT" name="beforeevery" finished-at="2022-05-30T17:44:47 TRT" duration-ms="1" status="PASS">
          <reporter-output>
          </reporter-output>
        </test-method> <!-- beforeevery -->
        <test-method is-config="true" signature="afterevery()[pri:0, instance:tests.ThirdTest@2cf3d63b]" started-at="2022-05-30T17:44:47 TRT" name="afterevery" finished-at="2022-05-30T17:44:47 TRT" duration-ms="0" status="PASS">
          <reporter-output>
          </reporter-output>
        </test-method> <!-- afterevery -->
        <test-method signature="MobileSignin(java.lang.String,java.lang.String)[pri:0, instance:tests.ThirdTest@2cf3d63b]" started-at="2022-05-30T17:44:47 TRT" name="MobileSignin" data-provider="getData" finished-at="2022-05-30T17:44:47 TRT" duration-ms="3" status="PASS">
          <params>
            <param index="0">
              <value>
                <![CDATA[secondsetusername]]>
              </value>
            </param>
            <param index="1">
              <value>
                <![CDATA[secondapassword]]>
              </value>
            </param>
          </params>
          <reporter-output>
          </reporter-output>
        </test-method> <!-- MobileSignin -->
        <test-method is-config="true" signature="afterevery()[pri:0, instance:tests.ThirdTest@2cf3d63b]" started-at="2022-05-30T17:44:47 TRT" name="afterevery" finished-at="2022-05-30T17:44:47 TRT" duration-ms="1" status="PASS">
          <reporter-output>
          </reporter-output>
        </test-method> <!-- afterevery -->
        <test-method is-config="true" signature="beforeevery()[pri:0, instance:tests.ThirdTest@2cf3d63b]" started-at="2022-05-30T17:44:47 TRT" name="beforeevery" finished-at="2022-05-30T17:44:47 TRT" duration-ms="2" status="PASS">
          <reporter-output>
          </reporter-output>
        </test-method> <!-- beforeevery -->
        <test-method signature="MobileSignin(java.lang.String,java.lang.String)[pri:0, instance:tests.ThirdTest@2cf3d63b]" started-at="2022-05-30T17:44:47 TRT" name="MobileSignin" data-provider="getData" finished-at="2022-05-30T17:44:47 TRT" duration-ms="14" status="PASS">
          <params>
            <param index="0">
              <value>
                <![CDATA[thirdsetusername]]>
              </value>
            </param>
            <param index="1">
              <value>
                <![CDATA[thirdpassword]]>
              </value>
            </param>
          </params>
          <reporter-output>
          </reporter-output>
        </test-method> <!-- MobileSignin -->
        <test-method is-config="true" signature="afterevery()[pri:0, instance:tests.ThirdTest@2cf3d63b]" started-at="2022-05-30T17:44:47 TRT" name="afterevery" finished-at="2022-05-30T17:44:47 TRT" duration-ms="1" status="PASS">
          <reporter-output>
          </reporter-output>
        </test-method> <!-- afterevery -->
        <test-method is-config="true" signature="beforeevery()[pri:0, instance:tests.ThirdTest@2cf3d63b]" started-at="2022-05-30T17:44:47 TRT" name="beforeevery" finished-at="2022-05-30T17:44:47 TRT" duration-ms="1" status="PASS">
          <reporter-output>
          </reporter-output>
        </test-method> <!-- beforeevery -->
        <test-method signature="APISignout(java.lang.String)[pri:0, instance:tests.ThirdTest@2cf3d63b]" started-at="2022-05-30T17:44:47 TRT" name="APISignout" finished-at="2022-05-30T17:44:47 TRT" depends-on-methods="tests.ThirdTest.MobileLogin" duration-ms="2" status="PASS">
          <params>
            <param index="0">
              <value>
                <![CDATA[http://www.qaclickacademy.com/]]>
              </value>
            </param>
          </params>
          <reporter-output>
          </reporter-output>
        </test-method> <!-- APISignout -->
        <test-method is-config="true" signature="afterevery()[pri:0, instance:tests.ThirdTest@2cf3d63b]" started-at="2022-05-30T17:44:47 TRT" name="afterevery" finished-at="2022-05-30T17:44:47 TRT" duration-ms="0" status="PASS">
          <reporter-output>
          </reporter-output>
        </test-method> <!-- afterevery -->
        <test-method is-config="true" signature="AfterSuite()[pri:0, instance:tests.ThirdTest@2cf3d63b]" started-at="2022-05-30T17:44:48 TRT" name="AfterSuite" finished-at="2022-05-30T17:44:48 TRT" duration-ms="1" status="PASS">
          <reporter-output>
          </reporter-output>
        </test-method> <!-- AfterSuite -->
      </class> <!-- tests.ThirdTest -->
      <class name="tests.FourthTest">
        <test-method signature="APILoginLoan(java.lang.String,java.lang.String)[pri:0, instance:tests.FourthTest@6892b3b6]" started-at="2022-05-30T17:44:47 TRT" name="APILoginLoan" finished-at="2022-05-30T17:44:47 TRT" duration-ms="12" status="PASS">
          <params>
            <param index="0">
              <value>
                <![CDATA[http://www.car.com/]]>
              </value>
            </param>
            <param index="1">
              <value>
                <![CDATA[123456]]>
              </value>
            </param>
          </params>
          <reporter-output>
          </reporter-output>
        </test-method> <!-- APILoginLoan -->
        <test-method signature="MobileLoginLoan()[pri:0, instance:tests.FourthTest@6892b3b6]" started-at="2022-05-30T17:44:47 TRT" name="MobileLoginLoan" finished-at="2022-05-30T17:44:47 TRT" duration-ms="4" status="PASS">
          <reporter-output>
          </reporter-output>
        </test-method> <!-- MobileLoginLoan -->
        <test-method signature="WebLoginLoan()[pri:0, instance:tests.FourthTest@6892b3b6]" started-at="2022-05-30T17:44:47 TRT" name="WebLoginLoan" finished-at="2022-05-30T17:44:47 TRT" duration-ms="2" status="PASS">
          <reporter-output>
          </reporter-output>
        </test-method> <!-- WebLoginLoan -->
      </class> <!-- tests.FourthTest -->
    </test> <!-- Test -->
  </suite> <!-- Suite -->
</testng-results>
